<?xml version="1.0" encoding="UTF-8"?>
<!-- Generated by org.testng.reporters.JUnitXMLReporter -->
<testsuite hostname="DESKTOP-QMNBB7D" ignored="0" name="Default test" tests="3" failures="0" timestamp="07 May 2020 05:05:36 GMT" time="15.297" errors="0">
  <testcase name="verifyLoginbtn" time="1.963" classname="com.training.sanity.tests.LoginTests"/>
  <testcase name="verifyCatalog" time="0.937" classname="com.training.sanity.tests.LoginTests"/>
  <testcase name="verifyClickingofCatagory" time="0.667" classname="com.training.sanity.tests.LoginTests"/>
</testsuite> <!-- Default test -->
