<?xml version="1.0" encoding="UTF-8"?>
<!-- Generated by org.testng.reporters.JUnitXMLReporter -->
<testsuite hostname="DESKTOP-QMNBB7D" ignored="1" name="Default test" tests="2" failures="0" timestamp="21 May 2020 01:20:29 GMT" time="20.903" errors="0">
  <testcase name="verifyAddMultipleProdNegative" time="4.194" classname="com.training.sanity.tests.AddCatagProductXLtest"/>
  <testcase name="verifyAddMultipleProdNegative" time="3.082" classname="com.training.sanity.tests.AddCatagProductXLtest"/>
  <testcase name="verifyAddMultipleProd" time="0.0" classname="com.training.sanity.tests.AddCatagProductXLtest">
    <ignored/>
  </testcase> <!-- verifyAddMultipleProd -->
</testsuite> <!-- Default test -->
